<?xml version="1.0" encoding="UTF-8"?>
<testng-results ignored="0" total="3" passed="3" failed="0" skipped="0">
  <reporter-output>
  </reporter-output>
  <suite started-at="2022-03-28T07:57:36Z" name="FindingHospitals" finished-at="2022-03-28T07:59:37Z" duration-ms="120926">
    <groups>
    </groups>
    <test started-at="2022-03-28T07:57:36Z" name="SeleniumTesting" finished-at="2022-03-28T07:59:37Z" duration-ms="120926">
      <class name="TestSuites.TestCases">
        <test-method is-config="true" signature="invokeBrowser()[pri:0, instance:TestSuites.TestCases@312aa7c]" started-at="2022-03-28T07:57:36Z" name="invokeBrowser" finished-at="2022-03-28T07:57:40Z" duration-ms="4118" status="PASS">
          <reporter-output>
          </reporter-output>
        </test-method> <!-- invokeBrowser -->
        <test-method signature="hospitalNames()[pri:1, instance:TestSuites.TestCases@312aa7c]" started-at="2022-03-28T07:57:40Z" name="hospitalNames" finished-at="2022-03-28T07:59:10Z" duration-ms="89728" status="PASS">
          <reporter-output>
          </reporter-output>
        </test-method> <!-- hospitalNames -->
        <test-method signature="TopCities()[pri:2, instance:TestSuites.TestCases@312aa7c]" started-at="2022-03-28T07:59:10Z" name="TopCities" finished-at="2022-03-28T07:59:17Z" duration-ms="6817" status="PASS">
          <reporter-output>
          </reporter-output>
        </test-method> <!-- TopCities -->
        <test-method signature="CaptureAlert()[pri:3, instance:TestSuites.TestCases@312aa7c]" started-at="2022-03-28T07:59:17Z" name="CaptureAlert" finished-at="2022-03-28T07:59:34Z" duration-ms="17785" status="PASS">
          <reporter-output>
          </reporter-output>
        </test-method> <!-- CaptureAlert -->
        <test-method is-config="true" signature="closeBrowser()[pri:0, instance:TestSuites.TestCases@312aa7c]" started-at="2022-03-28T07:59:34Z" name="closeBrowser" finished-at="2022-03-28T07:59:37Z" duration-ms="2420" status="PASS">
          <reporter-output>
          </reporter-output>
        </test-method> <!-- closeBrowser -->
      </class> <!-- TestSuites.TestCases -->
    </test> <!-- SeleniumTesting -->
  </suite> <!-- FindingHospitals -->
</testng-results>
